Arguments: 
  /usr/local/Cellar/node/9.10.1/bin/node /usr/local/Cellar/yarn/1.5.1_1/libexec/bin/yarn.js run publish-gh-pages

PATH: 
  /usr/local/bin:/usr/local/bin:/usr/bin:/bin:/usr/sbin:/sbin:/Library/TeX/texbin

Yarn version: 
  1.5.1

Node version: 
  9.10.1

Platform: 
  darwin x64

npm manifest: 
  {
    "scripts": {
      "examples": "docusaurus-examples",
      "start": "docusaurus-start",
      "build": "docusaurus-build",
      "publish-gh-pages": "docusaurus-publish",
      "write-translations": "docusaurus-write-translations",
      "version": "docusaurus-version",
      "rename-version": "docusaurus-rename-version"
    },
    "devDependencies": {
      "docusaurus": "^1.0.9"
    }
  }

yarn manifest: 
  No manifest

Lockfile: 
  No lockfile

Trace: 
  Error: Command failed.
  Exit code: 1
  Command: sh
  Arguments: -c docusaurus-publish
  Directory: /Users/arkopaul/git/arsarkar.github.io/website
  Output:
  
      at ProcessTermError.MessageError (/usr/local/Cellar/yarn/1.5.1_1/libexec/lib/cli.js:186:110)
      at new ProcessTermError (/usr/local/Cellar/yarn/1.5.1_1/libexec/lib/cli.js:226:113)
      at ChildProcess.<anonymous> (/usr/local/Cellar/yarn/1.5.1_1/libexec/lib/cli.js:30281:17)
      at ChildProcess.emit (events.js:180:13)
      at maybeClose (internal/child_process.js:936:16)
      at Process.ChildProcess._handle.onexit (internal/child_process.js:220:5)
